<?xml version="1.0" encoding="UTF-8"?>
<testsuite xmlns:xsi="http://www.w3.org/2001/XMLSchema-instance" xsi:noNamespaceSchemaLocation="https://maven.apache.org/surefire/maven-surefire-plugin/xsd/surefire-test-report-3.0.xsd" version="3.0" name="com.sprih.notification.controller.EventControllerTest" time="3.914" tests="9" errors="0" skipped="0" failures="0">
  <properties>
    <property name="java.specification.version" value="21"/>
    <property name="sun.jnu.encoding" value="UTF-8"/>
    <property name="java.class.path" value="/home/runner/workspace/target/test-classes:/home/runner/workspace/target/classes:/home/runner/.m2/repository/org/springframework/boot/spring-boot-starter-web/3.2.0/spring-boot-starter-web-3.2.0.jar:/home/runner/.m2/repository/org/springframework/boot/spring-boot-starter/3.2.0/spring-boot-starter-3.2.0.jar:/home/runner/.m2/repository/org/springframework/boot/spring-boot/3.2.0/spring-boot-3.2.0.jar:/home/runner/.m2/repository/org/springframework/boot/spring-boot-autoconfigure/3.2.0/spring-boot-autoconfigure-3.2.0.jar:/home/runner/.m2/repository/org/springframework/boot/spring-boot-starter-logging/3.2.0/spring-boot-starter-logging-3.2.0.jar:/home/runner/.m2/repository/ch/qos/logback/logback-classic/1.4.11/logback-classic-1.4.11.jar:/home/runner/.m2/repository/ch/qos/logback/logback-core/1.4.11/logback-core-1.4.11.jar:/home/runner/.m2/repository/org/apache/logging/log4j/log4j-to-slf4j/2.21.1/log4j-to-slf4j-2.21.1.jar:/home/runner/.m2/repository/org/apache/logging/log4j/log4j-api/2.21.1/log4j-api-2.21.1.jar:/home/runner/.m2/repository/org/slf4j/jul-to-slf4j/2.0.9/jul-to-slf4j-2.0.9.jar:/home/runner/.m2/repository/jakarta/annotation/jakarta.annotation-api/2.1.1/jakarta.annotation-api-2.1.1.jar:/home/runner/.m2/repository/org/yaml/snakeyaml/2.2/snakeyaml-2.2.jar:/home/runner/.m2/repository/org/springframework/boot/spring-boot-starter-json/3.2.0/spring-boot-starter-json-3.2.0.jar:/home/runner/.m2/repository/com/fasterxml/jackson/datatype/jackson-datatype-jdk8/2.15.3/jackson-datatype-jdk8-2.15.3.jar:/home/runner/.m2/repository/com/fasterxml/jackson/module/jackson-module-parameter-names/2.15.3/jackson-module-parameter-names-2.15.3.jar:/home/runner/.m2/repository/org/springframework/boot/spring-boot-starter-tomcat/3.2.0/spring-boot-starter-tomcat-3.2.0.jar:/home/runner/.m2/repository/org/apache/tomcat/embed/tomcat-embed-core/10.1.16/tomcat-embed-core-10.1.16.jar:/home/runner/.m2/repository/org/apache/tomcat/embed/tomcat-embed-websocket/10.1.16/tomcat-embed-websocket-10.1.16.jar:/home/runner/.m2/repository/org/springframework/spring-web/6.1.1/spring-web-6.1.1.jar:/home/runner/.m2/repository/org/springframework/spring-beans/6.1.1/spring-beans-6.1.1.jar:/home/runner/.m2/repository/org/springframework/spring-webmvc/6.1.1/spring-webmvc-6.1.1.jar:/home/runner/.m2/repository/org/springframework/spring-aop/6.1.1/spring-aop-6.1.1.jar:/home/runner/.m2/repository/org/springframework/spring-context/6.1.1/spring-context-6.1.1.jar:/home/runner/.m2/repository/org/springframework/spring-expression/6.1.1/spring-expression-6.1.1.jar:/home/runner/.m2/repository/org/springframework/boot/spring-boot-starter-validation/3.2.0/spring-boot-starter-validation-3.2.0.jar:/home/runner/.m2/repository/org/apache/tomcat/embed/tomcat-embed-el/10.1.16/tomcat-embed-el-10.1.16.jar:/home/runner/.m2/repository/org/hibernate/validator/hibernate-validator/8.0.1.Final/hibernate-validator-8.0.1.Final.jar:/home/runner/.m2/repository/jakarta/validation/jakarta.validation-api/3.0.2/jakarta.validation-api-3.0.2.jar:/home/runner/.m2/repository/org/jboss/logging/jboss-logging/3.5.3.Final/jboss-logging-3.5.3.Final.jar:/home/runner/.m2/repository/com/fasterxml/classmate/1.6.0/classmate-1.6.0.jar:/home/runner/.m2/repository/org/springframework/boot/spring-boot-starter-actuator/3.2.0/spring-boot-starter-actuator-3.2.0.jar:/home/runner/.m2/repository/org/springframework/boot/spring-boot-actuator-autoconfigure/3.2.0/spring-boot-actuator-autoconfigure-3.2.0.jar:/home/runner/.m2/repository/org/springframework/boot/spring-boot-actuator/3.2.0/spring-boot-actuator-3.2.0.jar:/home/runner/.m2/repository/io/micrometer/micrometer-observation/1.12.0/micrometer-observation-1.12.0.jar:/home/runner/.m2/repository/io/micrometer/micrometer-commons/1.12.0/micrometer-commons-1.12.0.jar:/home/runner/.m2/repository/io/micrometer/micrometer-jakarta9/1.12.0/micrometer-jakarta9-1.12.0.jar:/home/runner/.m2/repository/io/micrometer/micrometer-core/1.12.0/micrometer-core-1.12.0.jar:/home/runner/.m2/repository/org/hdrhistogram/HdrHistogram/2.1.12/HdrHistogram-2.1.12.jar:/home/runner/.m2/repository/org/latencyutils/LatencyUtils/2.0.3/LatencyUtils-2.0.3.jar:/home/runner/.m2/repository/com/fasterxml/jackson/core/jackson-databind/2.15.3/jackson-databind-2.15.3.jar:/home/runner/.m2/repository/com/fasterxml/jackson/core/jackson-annotations/2.15.3/jackson-annotations-2.15.3.jar:/home/runner/.m2/repository/com/fasterxml/jackson/core/jackson-core/2.15.3/jackson-core-2.15.3.jar:/home/runner/.m2/repository/com/fasterxml/jackson/datatype/jackson-datatype-jsr310/2.15.3/jackson-datatype-jsr310-2.15.3.jar:/home/runner/.m2/repository/org/springframework/boot/spring-boot-starter-test/3.2.0/spring-boot-starter-test-3.2.0.jar:/home/runner/.m2/repository/org/springframework/boot/spring-boot-test/3.2.0/spring-boot-test-3.2.0.jar:/home/runner/.m2/repository/org/springframework/boot/spring-boot-test-autoconfigure/3.2.0/spring-boot-test-autoconfigure-3.2.0.jar:/home/runner/.m2/repository/com/jayway/jsonpath/json-path/2.8.0/json-path-2.8.0.jar:/home/runner/.m2/repository/org/slf4j/slf4j-api/2.0.9/slf4j-api-2.0.9.jar:/home/runner/.m2/repository/jakarta/xml/bind/jakarta.xml.bind-api/4.0.1/jakarta.xml.bind-api-4.0.1.jar:/home/runner/.m2/repository/jakarta/activation/jakarta.activation-api/2.1.2/jakarta.activation-api-2.1.2.jar:/home/runner/.m2/repository/net/minidev/json-smart/2.5.0/json-smart-2.5.0.jar:/home/runner/.m2/repository/net/minidev/accessors-smart/2.5.0/accessors-smart-2.5.0.jar:/home/runner/.m2/repository/org/ow2/asm/asm/9.3/asm-9.3.jar:/home/runner/.m2/repository/org/assertj/assertj-core/3.24.2/assertj-core-3.24.2.jar:/home/runner/.m2/repository/org/hamcrest/hamcrest/2.2/hamcrest-2.2.jar:/home/runner/.m2/repository/org/mockito/mockito-junit-jupiter/5.7.0/mockito-junit-jupiter-5.7.0.jar:/home/runner/.m2/repository/org/skyscreamer/jsonassert/1.5.1/jsonassert-1.5.1.jar:/home/runner/.m2/repository/com/vaadin/external/google/android-json/0.0.20131108.vaadin1/android-json-0.0.20131108.vaadin1.jar:/home/runner/.m2/repository/org/springframework/spring-core/6.1.1/spring-core-6.1.1.jar:/home/runner/.m2/repository/org/springframework/spring-jcl/6.1.1/spring-jcl-6.1.1.jar:/home/runner/.m2/repository/org/springframework/spring-test/6.1.1/spring-test-6.1.1.jar:/home/runner/.m2/repository/org/xmlunit/xmlunit-core/2.9.1/xmlunit-core-2.9.1.jar:/home/runner/.m2/repository/org/junit/jupiter/junit-jupiter/5.10.1/junit-jupiter-5.10.1.jar:/home/runner/.m2/repository/org/junit/jupiter/junit-jupiter-api/5.10.1/junit-jupiter-api-5.10.1.jar:/home/runner/.m2/repository/org/opentest4j/opentest4j/1.3.0/opentest4j-1.3.0.jar:/home/runner/.m2/repository/org/junit/platform/junit-platform-commons/1.10.1/junit-platform-commons-1.10.1.jar:/home/runner/.m2/repository/org/apiguardian/apiguardian-api/1.1.2/apiguardian-api-1.1.2.jar:/home/runner/.m2/repository/org/junit/jupiter/junit-jupiter-params/5.10.1/junit-jupiter-params-5.10.1.jar:/home/runner/.m2/repository/org/junit/jupiter/junit-jupiter-engine/5.10.1/junit-jupiter-engine-5.10.1.jar:/home/runner/.m2/repository/org/junit/platform/junit-platform-engine/1.10.1/junit-platform-engine-1.10.1.jar:/home/runner/.m2/repository/org/mockito/mockito-core/5.7.0/mockito-core-5.7.0.jar:/home/runner/.m2/repository/net/bytebuddy/byte-buddy/1.14.10/byte-buddy-1.14.10.jar:/home/runner/.m2/repository/net/bytebuddy/byte-buddy-agent/1.14.10/byte-buddy-agent-1.14.10.jar:/home/runner/.m2/repository/org/objenesis/objenesis/3.3/objenesis-3.3.jar:/home/runner/.m2/repository/org/awaitility/awaitility/4.2.0/awaitility-4.2.0.jar:"/>
    <property name="java.vm.vendor" value="Oracle Corporation"/>
    <property name="sun.arch.data.model" value="64"/>
    <property name="java.vendor.url" value="https://openjdk.org/"/>
    <property name="user.timezone" value="GMT"/>
    <property name="org.jboss.logging.provider" value="slf4j"/>
    <property name="os.name" value="Linux"/>
    <property name="java.vm.specification.version" value="21"/>
    <property name="sun.java.launcher" value="SUN_STANDARD"/>
    <property name="user.country" value="US"/>
    <property name="sun.boot.library.path" value="/nix/store/z8k0md5rbj2m415705kpb4fihp8kcd11-openjdk-headless-21.0.7+6/lib/openjdk/lib"/>
    <property name="sun.java.command" value="/home/runner/workspace/target/surefire/surefirebooter-20250803064118372_3.jar /home/runner/workspace/target/surefire 2025-08-03T06-41-17_927-jvmRun1 surefire-20250803064118372_1tmp surefire_0-20250803064118372_2tmp"/>
    <property name="jdk.debug" value="release"/>
    <property name="surefire.test.class.path" value="/home/runner/workspace/target/test-classes:/home/runner/workspace/target/classes:/home/runner/.m2/repository/org/springframework/boot/spring-boot-starter-web/3.2.0/spring-boot-starter-web-3.2.0.jar:/home/runner/.m2/repository/org/springframework/boot/spring-boot-starter/3.2.0/spring-boot-starter-3.2.0.jar:/home/runner/.m2/repository/org/springframework/boot/spring-boot/3.2.0/spring-boot-3.2.0.jar:/home/runner/.m2/repository/org/springframework/boot/spring-boot-autoconfigure/3.2.0/spring-boot-autoconfigure-3.2.0.jar:/home/runner/.m2/repository/org/springframework/boot/spring-boot-starter-logging/3.2.0/spring-boot-starter-logging-3.2.0.jar:/home/runner/.m2/repository/ch/qos/logback/logback-classic/1.4.11/logback-classic-1.4.11.jar:/home/runner/.m2/repository/ch/qos/logback/logback-core/1.4.11/logback-core-1.4.11.jar:/home/runner/.m2/repository/org/apache/logging/log4j/log4j-to-slf4j/2.21.1/log4j-to-slf4j-2.21.1.jar:/home/runner/.m2/repository/org/apache/logging/log4j/log4j-api/2.21.1/log4j-api-2.21.1.jar:/home/runner/.m2/repository/org/slf4j/jul-to-slf4j/2.0.9/jul-to-slf4j-2.0.9.jar:/home/runner/.m2/repository/jakarta/annotation/jakarta.annotation-api/2.1.1/jakarta.annotation-api-2.1.1.jar:/home/runner/.m2/repository/org/yaml/snakeyaml/2.2/snakeyaml-2.2.jar:/home/runner/.m2/repository/org/springframework/boot/spring-boot-starter-json/3.2.0/spring-boot-starter-json-3.2.0.jar:/home/runner/.m2/repository/com/fasterxml/jackson/datatype/jackson-datatype-jdk8/2.15.3/jackson-datatype-jdk8-2.15.3.jar:/home/runner/.m2/repository/com/fasterxml/jackson/module/jackson-module-parameter-names/2.15.3/jackson-module-parameter-names-2.15.3.jar:/home/runner/.m2/repository/org/springframework/boot/spring-boot-starter-tomcat/3.2.0/spring-boot-starter-tomcat-3.2.0.jar:/home/runner/.m2/repository/org/apache/tomcat/embed/tomcat-embed-core/10.1.16/tomcat-embed-core-10.1.16.jar:/home/runner/.m2/repository/org/apache/tomcat/embed/tomcat-embed-websocket/10.1.16/tomcat-embed-websocket-10.1.16.jar:/home/runner/.m2/repository/org/springframework/spring-web/6.1.1/spring-web-6.1.1.jar:/home/runner/.m2/repository/org/springframework/spring-beans/6.1.1/spring-beans-6.1.1.jar:/home/runner/.m2/repository/org/springframework/spring-webmvc/6.1.1/spring-webmvc-6.1.1.jar:/home/runner/.m2/repository/org/springframework/spring-aop/6.1.1/spring-aop-6.1.1.jar:/home/runner/.m2/repository/org/springframework/spring-context/6.1.1/spring-context-6.1.1.jar:/home/runner/.m2/repository/org/springframework/spring-expression/6.1.1/spring-expression-6.1.1.jar:/home/runner/.m2/repository/org/springframework/boot/spring-boot-starter-validation/3.2.0/spring-boot-starter-validation-3.2.0.jar:/home/runner/.m2/repository/org/apache/tomcat/embed/tomcat-embed-el/10.1.16/tomcat-embed-el-10.1.16.jar:/home/runner/.m2/repository/org/hibernate/validator/hibernate-validator/8.0.1.Final/hibernate-validator-8.0.1.Final.jar:/home/runner/.m2/repository/jakarta/validation/jakarta.validation-api/3.0.2/jakarta.validation-api-3.0.2.jar:/home/runner/.m2/repository/org/jboss/logging/jboss-logging/3.5.3.Final/jboss-logging-3.5.3.Final.jar:/home/runner/.m2/repository/com/fasterxml/classmate/1.6.0/classmate-1.6.0.jar:/home/runner/.m2/repository/org/springframework/boot/spring-boot-starter-actuator/3.2.0/spring-boot-starter-actuator-3.2.0.jar:/home/runner/.m2/repository/org/springframework/boot/spring-boot-actuator-autoconfigure/3.2.0/spring-boot-actuator-autoconfigure-3.2.0.jar:/home/runner/.m2/repository/org/springframework/boot/spring-boot-actuator/3.2.0/spring-boot-actuator-3.2.0.jar:/home/runner/.m2/repository/io/micrometer/micrometer-observation/1.12.0/micrometer-observation-1.12.0.jar:/home/runner/.m2/repository/io/micrometer/micrometer-commons/1.12.0/micrometer-commons-1.12.0.jar:/home/runner/.m2/repository/io/micrometer/micrometer-jakarta9/1.12.0/micrometer-jakarta9-1.12.0.jar:/home/runner/.m2/repository/io/micrometer/micrometer-core/1.12.0/micrometer-core-1.12.0.jar:/home/runner/.m2/repository/org/hdrhistogram/HdrHistogram/2.1.12/HdrHistogram-2.1.12.jar:/home/runner/.m2/repository/org/latencyutils/LatencyUtils/2.0.3/LatencyUtils-2.0.3.jar:/home/runner/.m2/repository/com/fasterxml/jackson/core/jackson-databind/2.15.3/jackson-databind-2.15.3.jar:/home/runner/.m2/repository/com/fasterxml/jackson/core/jackson-annotations/2.15.3/jackson-annotations-2.15.3.jar:/home/runner/.m2/repository/com/fasterxml/jackson/core/jackson-core/2.15.3/jackson-core-2.15.3.jar:/home/runner/.m2/repository/com/fasterxml/jackson/datatype/jackson-datatype-jsr310/2.15.3/jackson-datatype-jsr310-2.15.3.jar:/home/runner/.m2/repository/org/springframework/boot/spring-boot-starter-test/3.2.0/spring-boot-starter-test-3.2.0.jar:/home/runner/.m2/repository/org/springframework/boot/spring-boot-test/3.2.0/spring-boot-test-3.2.0.jar:/home/runner/.m2/repository/org/springframework/boot/spring-boot-test-autoconfigure/3.2.0/spring-boot-test-autoconfigure-3.2.0.jar:/home/runner/.m2/repository/com/jayway/jsonpath/json-path/2.8.0/json-path-2.8.0.jar:/home/runner/.m2/repository/org/slf4j/slf4j-api/2.0.9/slf4j-api-2.0.9.jar:/home/runner/.m2/repository/jakarta/xml/bind/jakarta.xml.bind-api/4.0.1/jakarta.xml.bind-api-4.0.1.jar:/home/runner/.m2/repository/jakarta/activation/jakarta.activation-api/2.1.2/jakarta.activation-api-2.1.2.jar:/home/runner/.m2/repository/net/minidev/json-smart/2.5.0/json-smart-2.5.0.jar:/home/runner/.m2/repository/net/minidev/accessors-smart/2.5.0/accessors-smart-2.5.0.jar:/home/runner/.m2/repository/org/ow2/asm/asm/9.3/asm-9.3.jar:/home/runner/.m2/repository/org/assertj/assertj-core/3.24.2/assertj-core-3.24.2.jar:/home/runner/.m2/repository/org/hamcrest/hamcrest/2.2/hamcrest-2.2.jar:/home/runner/.m2/repository/org/mockito/mockito-junit-jupiter/5.7.0/mockito-junit-jupiter-5.7.0.jar:/home/runner/.m2/repository/org/skyscreamer/jsonassert/1.5.1/jsonassert-1.5.1.jar:/home/runner/.m2/repository/com/vaadin/external/google/android-json/0.0.20131108.vaadin1/android-json-0.0.20131108.vaadin1.jar:/home/runner/.m2/repository/org/springframework/spring-core/6.1.1/spring-core-6.1.1.jar:/home/runner/.m2/repository/org/springframework/spring-jcl/6.1.1/spring-jcl-6.1.1.jar:/home/runner/.m2/repository/org/springframework/spring-test/6.1.1/spring-test-6.1.1.jar:/home/runner/.m2/repository/org/xmlunit/xmlunit-core/2.9.1/xmlunit-core-2.9.1.jar:/home/runner/.m2/repository/org/junit/jupiter/junit-jupiter/5.10.1/junit-jupiter-5.10.1.jar:/home/runner/.m2/repository/org/junit/jupiter/junit-jupiter-api/5.10.1/junit-jupiter-api-5.10.1.jar:/home/runner/.m2/repository/org/opentest4j/opentest4j/1.3.0/opentest4j-1.3.0.jar:/home/runner/.m2/repository/org/junit/platform/junit-platform-commons/1.10.1/junit-platform-commons-1.10.1.jar:/home/runner/.m2/repository/org/apiguardian/apiguardian-api/1.1.2/apiguardian-api-1.1.2.jar:/home/runner/.m2/repository/org/junit/jupiter/junit-jupiter-params/5.10.1/junit-jupiter-params-5.10.1.jar:/home/runner/.m2/repository/org/junit/jupiter/junit-jupiter-engine/5.10.1/junit-jupiter-engine-5.10.1.jar:/home/runner/.m2/repository/org/junit/platform/junit-platform-engine/1.10.1/junit-platform-engine-1.10.1.jar:/home/runner/.m2/repository/org/mockito/mockito-core/5.7.0/mockito-core-5.7.0.jar:/home/runner/.m2/repository/net/bytebuddy/byte-buddy/1.14.10/byte-buddy-1.14.10.jar:/home/runner/.m2/repository/net/bytebuddy/byte-buddy-agent/1.14.10/byte-buddy-agent-1.14.10.jar:/home/runner/.m2/repository/org/objenesis/objenesis/3.3/objenesis-3.3.jar:/home/runner/.m2/repository/org/awaitility/awaitility/4.2.0/awaitility-4.2.0.jar:"/>
    <property name="sun.cpu.endian" value="little"/>
    <property name="user.home" value="/home/runner"/>
    <property name="user.language" value="en"/>
    <property name="java.specification.vendor" value="Oracle Corporation"/>
    <property name="java.version.date" value="2025-04-15"/>
    <property name="java.home" value="/nix/store/z8k0md5rbj2m415705kpb4fihp8kcd11-openjdk-headless-21.0.7+6/lib/openjdk"/>
    <property name="file.separator" value="/"/>
    <property name="basedir" value="/home/runner/workspace"/>
    <property name="java.vm.compressedOopsMode" value="Zero based"/>
    <property name="line.separator" value="&#10;"/>
    <property name="java.specification.name" value="Java Platform API Specification"/>
    <property name="java.vm.specification.vendor" value="Oracle Corporation"/>
    <property name="FILE_LOG_CHARSET" value="UTF-8"/>
    <property name="java.awt.headless" value="true"/>
    <property name="surefire.real.class.path" value="/home/runner/workspace/target/surefire/surefirebooter-20250803064118372_3.jar"/>
    <property name="sun.management.compiler" value="HotSpot 64-Bit Tiered Compilers"/>
    <property name="java.runtime.version" value="21.0.7+6-nixos"/>
    <property name="user.name" value="runner"/>
    <property name="stdout.encoding" value="UTF-8"/>
    <property name="path.separator" value=":"/>
    <property name="os.version" value="6.2.16"/>
    <property name="java.runtime.name" value="OpenJDK Runtime Environment"/>
    <property name="file.encoding" value="UTF-8"/>
    <property name="java.vm.name" value="OpenJDK 64-Bit Server VM"/>
    <property name="localRepository" value="/home/runner/.m2/repository"/>
    <property name="java.vendor.url.bug" value="https://bugreport.java.com/bugreport/"/>
    <property name="java.io.tmpdir" value="/tmp"/>
    <property name="java.version" value="21.0.7"/>
    <property name="user.dir" value="/home/runner/workspace"/>
    <property name="os.arch" value="amd64"/>
    <property name="java.vm.specification.name" value="Java Virtual Machine Specification"/>
    <property name="PID" value="1521"/>
    <property name="CONSOLE_LOG_CHARSET" value="UTF-8"/>
    <property name="native.encoding" value="UTF-8"/>
    <property name="java.library.path" value="/usr/java/packages/lib:/usr/lib64:/lib64:/lib:/usr/lib"/>
    <property name="java.vm.info" value="mixed mode, sharing"/>
    <property name="stderr.encoding" value="UTF-8"/>
    <property name="java.vendor" value="N/A"/>
    <property name="java.vm.version" value="21.0.7+6-nixos"/>
    <property name="sun.io.unicode.encoding" value="UnicodeLittle"/>
    <property name="java.class.version" value="65.0"/>
    <property name="CONSOLE_LOG_PATTERN" value="%d{yyyy-MM-dd HH:mm:ss} - %msg%n"/>
    <property name="LOGGED_APPLICATION_NAME" value="[event-notification-system] "/>
  </properties>
  <testcase name="testCreateEmailEvent_Success" classname="com.sprih.notification.controller.EventControllerTest" time="0.459">
    <system-out><![CDATA[06:41:32.332 [main] INFO org.springframework.test.context.support.AnnotationConfigContextLoaderUtils -- Could not detect default configuration classes for test class [com.sprih.notification.controller.EventControllerTest]: EventControllerTest does not declare any static, non-private, non-final, nested classes annotated with @Configuration.
06:41:32.558 [main] INFO org.springframework.boot.test.context.SpringBootTestContextBootstrapper -- Found @SpringBootConfiguration com.sprih.notification.NotificationSystemApplication for test class com.sprih.notification.controller.EventControllerTest

  .   ____          _            __ _ _
 /\\ / ___'_ __ _ _(_)_ __  __ _ \ \ \ \
( ( )\___ | '_ | '_| | '_ \/ _` | \ \ \ \
 \\/  ___)| |_)| | | | | || (_| |  ) ) ) )
  '  |____| .__|_| |_|_| |_\__, | / / / /
 =========|_|==============|___/=/_/_/_/
 :: Spring Boot ::                (v3.2.0)

2025-08-03 06:41:33 - Starting EventControllerTest using Java 21.0.7 with PID 1521 (started by runner in /home/runner/workspace)
2025-08-03 06:41:33 - No active profile set, falling back to 1 default profile: "default"
2025-08-03 06:41:33 - Refreshing org.springframework.web.context.support.GenericWebApplicationContext@33e4b9c4
2025-08-03 06:41:34 - 4 mappings in 'requestMappingHandlerMapping'
2025-08-03 06:41:35 - Patterns [/webjars/**, /**] in 'resourceHandlerMapping'
2025-08-03 06:41:35 - ControllerAdvice beans: 0 @ModelAttribute, 0 @InitBinder, 1 RequestBodyAdvice, 1 ResponseBodyAdvice
2025-08-03 06:41:35 - ControllerAdvice beans: 0 @ExceptionHandler, 1 ResponseBodyAdvice
2025-08-03 06:41:35 - Initializing Spring TestDispatcherServlet ''
2025-08-03 06:41:35 - Initializing Servlet ''
2025-08-03 06:41:35 - Completed initialization in 2 ms
2025-08-03 06:41:35 - Started EventControllerTest in 2.757 seconds (process running for 16.807)
2025-08-03 06:41:35 - Mapped to com.sprih.notification.controller.EventController#createEvent(EventRequest, BindingResult)
2025-08-03 06:41:35 - Read "application/json;charset=UTF-8" to [EventRequest{eventType=EMAIL, callbackUrl='http://callback.url'}]
2025-08-03 06:41:35 - Received event request: EventRequest{eventType=EMAIL, callbackUrl='http://callback.url'}
2025-08-03 06:41:35 - Event b1733117-0089-44b0-bb06-cc4002c18e31 added to EMAIL queue successfully
2025-08-03 06:41:35 - Using 'application/json', given [*/*] and supported [application/json, application/*+json]
2025-08-03 06:41:35 - Writing [EventResponse{eventId='b1733117-0089-44b0-bb06-cc4002c18e31', message='Event accepted for processing (truncated)...]
]]></system-out>
  </testcase>
  <testcase name="testHealthEndpoint" classname="com.sprih.notification.controller.EventControllerTest" time="0.031">
    <system-out><![CDATA[2025-08-03 06:41:35 - Mapped to com.sprih.notification.controller.EventController#health()
2025-08-03 06:41:35 - Using 'text/plain', given [*/*] and supported [text/plain, */*, application/json, application/*+json]
2025-08-03 06:41:35 - Writing ["Event Notification System is running"]
]]></system-out>
  </testcase>
  <testcase name="testCreatePushEvent_Success" classname="com.sprih.notification.controller.EventControllerTest" time="0.009">
    <system-out><![CDATA[2025-08-03 06:41:35 - Mapped to com.sprih.notification.controller.EventController#createEvent(EventRequest, BindingResult)
2025-08-03 06:41:35 - Read "application/json;charset=UTF-8" to [EventRequest{eventType=PUSH, callbackUrl='http://callback.url'}]
2025-08-03 06:41:35 - Received event request: EventRequest{eventType=PUSH, callbackUrl='http://callback.url'}
2025-08-03 06:41:35 - Event 59c3eab3-eaf2-4b98-b465-a80d37337c4c added to PUSH queue successfully
2025-08-03 06:41:35 - Using 'application/json', given [*/*] and supported [application/json, application/*+json]
2025-08-03 06:41:35 - Writing [EventResponse{eventId='59c3eab3-eaf2-4b98-b465-a80d37337c4c', message='Event accepted for processing (truncated)...]
]]></system-out>
  </testcase>
  <testcase name="testCreateEvent_MissingEventType" classname="com.sprih.notification.controller.EventControllerTest" time="0.024">
    <system-out><![CDATA[2025-08-03 06:41:35 - Mapped to com.sprih.notification.controller.EventController#createEvent(EventRequest, BindingResult)
2025-08-03 06:41:35 - Read "application/json;charset=UTF-8" to [EventRequest{eventType=null, callbackUrl='http://callback.url'}]
2025-08-03 06:41:35 - Received event request: EventRequest{eventType=null, callbackUrl='http://callback.url'}
2025-08-03 06:41:35 - Validation failed for event request: Validation failed: eventType - Event type is required; 
2025-08-03 06:41:35 - Using 'text/plain', given [*/*] and supported [text/plain, */*, application/json, application/*+json]
2025-08-03 06:41:35 - Writing ["Validation failed: eventType - Event type is required; "]
]]></system-out>
  </testcase>
  <testcase name="testCreateEvent_InvalidSmsPayload" classname="com.sprih.notification.controller.EventControllerTest" time="0.019">
    <system-out><![CDATA[2025-08-03 06:41:35 - Mapped to com.sprih.notification.controller.EventController#createEvent(EventRequest, BindingResult)
2025-08-03 06:41:35 - Read "application/json;charset=UTF-8" to [EventRequest{eventType=SMS, callbackUrl='http://callback.url'}]
2025-08-03 06:41:35 - Received event request: EventRequest{eventType=SMS, callbackUrl='http://callback.url'}
2025-08-03 06:41:35 - Payload validation failed: SMS event payload must contain 'phoneNumber' and 'message' fields
2025-08-03 06:41:35 - Using 'text/plain', given [*/*] and supported [text/plain, */*, application/json, application/*+json]
2025-08-03 06:41:35 - Writing ["SMS event payload must contain 'phoneNumber' and 'message' fields"]
]]></system-out>
  </testcase>
  <testcase name="testCreateEvent_InvalidEmailPayload" classname="com.sprih.notification.controller.EventControllerTest" time="0.014">
    <system-out><![CDATA[2025-08-03 06:41:36 - Mapped to com.sprih.notification.controller.EventController#createEvent(EventRequest, BindingResult)
2025-08-03 06:41:36 - Read "application/json;charset=UTF-8" to [EventRequest{eventType=EMAIL, callbackUrl='http://callback.url'}]
2025-08-03 06:41:36 - Received event request: EventRequest{eventType=EMAIL, callbackUrl='http://callback.url'}
2025-08-03 06:41:36 - Payload validation failed: EMAIL event payload must contain 'recipient' and 'message' fields
2025-08-03 06:41:36 - Using 'text/plain', given [*/*] and supported [text/plain, */*, application/json, application/*+json]
2025-08-03 06:41:36 - Writing ["EMAIL event payload must contain 'recipient' and 'message' fields"]
]]></system-out>
  </testcase>
  <testcase name="testCreateSmsEvent_Success" classname="com.sprih.notification.controller.EventControllerTest" time="0.014">
    <system-out><![CDATA[2025-08-03 06:41:36 - Mapped to com.sprih.notification.controller.EventController#createEvent(EventRequest, BindingResult)
2025-08-03 06:41:36 - Read "application/json;charset=UTF-8" to [EventRequest{eventType=SMS, callbackUrl='http://callback.url'}]
2025-08-03 06:41:36 - Received event request: EventRequest{eventType=SMS, callbackUrl='http://callback.url'}
2025-08-03 06:41:36 - Event 8d992fa9-85ee-4379-9011-e395ff6a45b1 added to SMS queue successfully
2025-08-03 06:41:36 - Using 'application/json', given [*/*] and supported [application/json, application/*+json]
2025-08-03 06:41:36 - Writing [EventResponse{eventId='8d992fa9-85ee-4379-9011-e395ff6a45b1', message='Event accepted for processing (truncated)...]
]]></system-out>
  </testcase>
  <testcase name="testCreateEvent_MissingCallbackUrl" classname="com.sprih.notification.controller.EventControllerTest" time="0.014">
    <system-out><![CDATA[2025-08-03 06:41:36 - Mapped to com.sprih.notification.controller.EventController#createEvent(EventRequest, BindingResult)
2025-08-03 06:41:36 - Read "application/json;charset=UTF-8" to [EventRequest{eventType=EMAIL, callbackUrl='null'}]
2025-08-03 06:41:36 - Received event request: EventRequest{eventType=EMAIL, callbackUrl='null'}
2025-08-03 06:41:36 - Validation failed for event request: Validation failed: callbackUrl - Callback URL is required; 
2025-08-03 06:41:36 - Using 'text/plain', given [*/*] and supported [text/plain, */*, application/json, application/*+json]
2025-08-03 06:41:36 - Writing ["Validation failed: callbackUrl - Callback URL is required; "]
]]></system-out>
  </testcase>
  <testcase name="testCreateEvent_InvalidPushPayload" classname="com.sprih.notification.controller.EventControllerTest" time="0.014">
    <system-out><![CDATA[2025-08-03 06:41:36 - Mapped to com.sprih.notification.controller.EventController#createEvent(EventRequest, BindingResult)
2025-08-03 06:41:36 - Read "application/json;charset=UTF-8" to [EventRequest{eventType=PUSH, callbackUrl='http://callback.url'}]
2025-08-03 06:41:36 - Received event request: EventRequest{eventType=PUSH, callbackUrl='http://callback.url'}
2025-08-03 06:41:36 - Payload validation failed: PUSH event payload must contain 'deviceId' and 'message' fields
2025-08-03 06:41:36 - Using 'text/plain', given [*/*] and supported [text/plain, */*, application/json, application/*+json]
2025-08-03 06:41:36 - Writing ["PUSH event payload must contain 'deviceId' and 'message' fields"]
]]></system-out>
  </testcase>
</testsuite>